<?xml version="1.0" encoding="UTF-8"?>
<!-- Generated by org.testng.reporters.JUnitXMLReporter -->
<testsuite hostname="RAVI-PC" ignored="1" name="Orange HRM Functional Regression Test" tests="5" failures="1" timestamp="12 Jun 2020 16:41:36 GMT" time="50.854" errors="0">
  <testcase name="verifyLoginPageTitleTest" time="20.594" classname="com.qa.orangehrm.tests.LoginPageTest">
    <failure type="org.openqa.selenium.TimeoutException" message="Supplied function might have stalled
Build info: version: &amp;apos;4.0.0-alpha-5&amp;apos;, revision: &amp;apos;b3a0d621cc&amp;apos;
System info: host: &amp;apos;RAVI-PC&amp;apos;, ip: &amp;apos;192.168.1.3&amp;apos;, os.name: &amp;apos;Windows 7&amp;apos;, os.arch: &amp;apos;amd64&amp;apos;, os.version: &amp;apos;6.1&amp;apos;, java.version: &amp;apos;1.8.0_91&amp;apos;
Driver info: driver.version: unknown">
      <![CDATA[org.openqa.selenium.TimeoutException: Supplied function might have stalled
Build info: version: '4.0.0-alpha-5', revision: 'b3a0d621cc'
System info: host: 'RAVI-PC', ip: '192.168.1.3', os.name: 'Windows 7', os.arch: 'amd64', os.version: '6.1', java.version: '1.8.0_91'
Driver info: driver.version: unknown
at org.openqa.selenium.support.ui.FluentWait.until(FluentWait.java:221)
at com.qa.orangehrm.util.ElementUtil.waitForTitlePresent(ElementUtil.java:41)
at com.qa.orangehrm.pages.LoginPage.getPageTitle(LoginPage.java:36)
at com.qa.orangehrm.tests.LoginPageTest.verifyLoginPageTitleTest(LoginPageTest.java:52)
Caused by: java.util.concurrent.TimeoutException
at java.util.concurrent.CompletableFuture.timedGet(Unknown Source)
at java.util.concurrent.CompletableFuture.get(Unknown Source)
at org.openqa.selenium.support.ui.FluentWait.until(FluentWait.java:209)
... 28 more
... Removed 25 stack frames]]>
    </failure>
  </testcase> <!-- verifyLoginPageTitleTest -->
  <testcase name="verifyForgotpaswdLink" time="1.064" classname="com.qa.orangehrm.tests.LoginPageTest"/>
  <testcase name="verifyLoginButton" time="0.839" classname="com.qa.orangehrm.tests.LoginPageTest"/>
  <testcase name="verifySocialIcons" time="0.717" classname="com.qa.orangehrm.tests.LoginPageTest"/>
  <testcase name="loginTest" time="8.915" classname="com.qa.orangehrm.tests.LoginPageTest"/>
  <testcase name="login_invalidTestcases" time="0.0" classname="com.qa.orangehrm.tests.LoginPageTest">
    <ignored/>
  </testcase> <!-- login_invalidTestcases -->
</testsuite> <!-- Orange HRM Functional Regression Test -->
