<!DOCTYPE html PUBLIC "-//W3C//DTD XHTML 1.1//EN" "http://www.w3.org/TR/xhtml11/DTD/xhtml11.dtd">
<html xmlns="http://www.w3.org/1999/xhtml">
<head>
<meta http-equiv="content-type" content="text/html; charset=UTF-8"/>
<title>TestNG Report</title>
<style type="text/css">table {margin-bottom:10px;border-collapse:collapse;empty-cells:show}th,td {border:1px solid #009;padding:.25em .5em}th {vertical-align:bottom}td {vertical-align:top}table a {font-weight:bold}.stripe td {background-color: #E6EBF9}.num {text-align:right}.passedodd td {background-color: #3F3}.passedeven td {background-color: #0A0}.skippedodd td {background-color: #DDD}.skippedeven td {background-color: #CCC}.failedodd td,.attn {background-color: #F33}.failedeven td,.stripe .attn {background-color: #D00}.stacktrace {white-space:pre;font-family:monospace}.totop {font-size:85%;text-align:center;border-bottom:2px solid #000}.invisible {display:none}</style>
</head>
<body>
<table>
<tr><th>Test</th><th># Passed</th><th># Skipped</th><th># Failed</th><th>Time (ms)</th><th>Included Groups</th><th>Excluded Groups</th></tr>
<tr><th colspan="7">Orange HRM Regression Suite</th></tr>
<tr><td><a href="#t0">Orange HRM Functional Regression Test - chrome</a></td><td class="num">3</td><td class="num">0</td><td class="num attn">2</td><td class="num">170,218</td><td></td><td></td></tr>
</table>
<table id='summary'><thead><tr><th>Class</th><th>Method</th><th>Start</th><th>Time (ms)</th></tr></thead><tbody><tr><th colspan="4">Orange HRM Regression Suite</th></tr></tbody><tbody id="t0"><tr><th colspan="4">Orange HRM Functional Regression Test - chrome &#8212; failed</th></tr><tr class="failedeven"><td rowspan="2">com.qa.orangehrm.tests.LoginPageTest</td><td><a href="#m0">verifyLoginButton</a></td><td rowspan="1">1591987070799</td><td rowspan="1">20139</td></tr><tr class="failedeven"><td><a href="#m1">verifyLoginPageTitleTest</a></td><td rowspan="1">1591987044341</td><td rowspan="1">21393</td></tr><tr><th colspan="4">Orange HRM Functional Regression Test - chrome &#8212; passed</th></tr><tr class="passedeven"><td rowspan="3">com.qa.orangehrm.tests.LoginPageTest</td><td><a href="#m2">loginTest</a></td><td rowspan="1">1591987092228</td><td rowspan="1">9918</td></tr><tr class="passedeven"><td><a href="#m3">verifyForgotpaswdLink</a></td><td rowspan="1">1591987067771</td><td rowspan="1">3016</td></tr><tr class="passedeven"><td><a href="#m4">verifySocialIcons</a></td><td rowspan="1">1591987091417</td><td rowspan="1">807</td></tr></tbody>
</table>
<h2>Orange HRM Functional Regression Test - chrome</h2><h3 id="m0">com.qa.orangehrm.tests.LoginPageTest#verifyLoginButton</h3><table class="result"><tr><th>Exception</th></tr><tr><td><div class="stacktrace">java.lang.AssertionError: expected [true] but found [false]
	at com.qa.orangehrm.tests.LoginPageTest.verifyLoginButton(LoginPageTest.java:77)
	at java.util.concurrent.FutureTask.run(Unknown Source)
	at java.util.concurrent.ThreadPoolExecutor.runWorker(Unknown Source)
	at java.util.concurrent.ThreadPoolExecutor$Worker.run(Unknown Source)
	at java.lang.Thread.run(Unknown Source)
... Removed 20 stack frames</div></td></tr></table><p class="totop"><a href="#summary">back to summary</a></p>
<h3 id="m1">com.qa.orangehrm.tests.LoginPageTest#verifyLoginPageTitleTest</h3><table class="result"><tr><th>Exception</th></tr><tr><td><div class="stacktrace">org.openqa.selenium.TimeoutException: Expected condition failed: waiting for title to be &quot;OrangeHRM111&quot;. Current title: &quot;OrangeHRM&quot; (tried for 20 second(s) with 500 milliseconds interval)
Build info: version: &apos;4.0.0-alpha-5&apos;, revision: &apos;b3a0d621cc&apos;
System info: host: &apos;RAVI-PC&apos;, ip: &apos;192.168.1.3&apos;, os.name: &apos;Windows 7&apos;, os.arch: &apos;amd64&apos;, os.version: &apos;6.1&apos;, java.version: &apos;1.8.0_91&apos;
Driver info: org.openqa.selenium.chrome.ChromeDriver
Capabilities {acceptInsecureCerts: false, browserName: chrome, browserVersion: 83.0.4103.97, chrome: {chromedriverVersion: 83.0.4103.39 (ccbf011cb2d2b..., userDataDir: C:\Users\RAVI\AppData\Local...}, goog:chromeOptions: {debuggerAddress: localhost:52475}, javascriptEnabled: true, networkConnectionEnabled: false, pageLoadStrategy: normal, platform: WINDOWS, platformName: WINDOWS, proxy: Proxy(), setWindowRect: true, strictFileInteractability: false, timeouts: {implicit: 0, pageLoad: 300000, script: 30000}, unhandledPromptBehavior: dismiss and notify, webauthn:virtualAuthenticators: true}
Session ID: aafac9810236be4f80baf6c71ef7eb15
	at org.openqa.selenium.support.ui.WebDriverWait.timeoutException(WebDriverWait.java:138)
	at org.openqa.selenium.support.ui.FluentWait.lambda$checkConditionInLoop$2(FluentWait.java:255)
	at java.util.concurrent.CompletableFuture$AsyncSupply.run(Unknown Source)
	at java.lang.Thread.run(Unknown Source)
</div></td></tr></table><p class="totop"><a href="#summary">back to summary</a></p>
<h3 id="m2">com.qa.orangehrm.tests.LoginPageTest#loginTest</h3><table class="result"><tr><th class="invisible"/></tr></table><p class="totop"><a href="#summary">back to summary</a></p>
<h3 id="m3">com.qa.orangehrm.tests.LoginPageTest#verifyForgotpaswdLink</h3><table class="result"><tr><th class="invisible"/></tr></table><p class="totop"><a href="#summary">back to summary</a></p>
<h3 id="m4">com.qa.orangehrm.tests.LoginPageTest#verifySocialIcons</h3><table class="result"><tr><th class="invisible"/></tr></table><p class="totop"><a href="#summary">back to summary</a></p>
</body>
</html>
