<?xml version="1.0" encoding="UTF-8"?>
<testng-results skipped="0" failed="2" ignored="1" total="6" passed="3">
  <reporter-output>
  </reporter-output>
  <suite name="Orange HRM Regression Suite" duration-ms="170218" started-at="2020-06-12T18:36:31Z" finished-at="2020-06-12T18:39:21Z">
    <groups>
    </groups>
    <test name="Orange HRM Functional Regression Test - chrome" duration-ms="170218" started-at="2020-06-12T18:36:31Z" finished-at="2020-06-12T18:39:21Z">
      <class name="com.qa.orangehrm.tests.LoginPageTest">
        <test-method status="PASS" signature="setUp(java.lang.String)[pri:0, instance:com.qa.orangehrm.tests.LoginPageTest@1fd386c3]" name="setUp" is-config="true" duration-ms="52074" started-at="2020-06-12T18:36:32Z" finished-at="2020-06-12T18:37:24Z">
          <params>
            <param index="0">
              <value>
                <![CDATA[chrome]]>
              </value>
            </param>
          </params>
          <reporter-output>
          </reporter-output>
        </test-method> <!-- setUp -->
        <test-method status="FAIL" signature="verifyLoginPageTitleTest()[pri:1, instance:com.qa.orangehrm.tests.LoginPageTest@1fd386c3]" name="verifyLoginPageTitleTest" duration-ms="21393" started-at="2020-06-12T18:37:24Z" finished-at="2020-06-12T18:37:45Z">
          <exception class="org.openqa.selenium.TimeoutException">
            <message>
              <![CDATA[Expected condition failed: waiting for title to be "OrangeHRM111". Current title: "OrangeHRM" (tried for 20 second(s) with 500 milliseconds interval)
Build info: version: '4.0.0-alpha-5', revision: 'b3a0d621cc'
System info: host: 'RAVI-PC', ip: '192.168.1.3', os.name: 'Windows 7', os.arch: 'amd64', os.version: '6.1', java.version: '1.8.0_91'
Driver info: org.openqa.selenium.chrome.ChromeDriver
Capabilities {acceptInsecureCerts: false, browserName: chrome, browserVersion: 83.0.4103.97, chrome: {chromedriverVersion: 83.0.4103.39 (ccbf011cb2d2b..., userDataDir: C:\Users\RAVI\AppData\Local...}, goog:chromeOptions: {debuggerAddress: localhost:52475}, javascriptEnabled: true, networkConnectionEnabled: false, pageLoadStrategy: normal, platform: WINDOWS, platformName: WINDOWS, proxy: Proxy(), setWindowRect: true, strictFileInteractability: false, timeouts: {implicit: 0, pageLoad: 300000, script: 30000}, unhandledPromptBehavior: dismiss and notify, webauthn:virtualAuthenticators: true}
Session ID: aafac9810236be4f80baf6c71ef7eb15]]>
            </message>
            <full-stacktrace>
              <![CDATA[org.openqa.selenium.TimeoutException: Expected condition failed: waiting for title to be "OrangeHRM111". Current title: "OrangeHRM" (tried for 20 second(s) with 500 milliseconds interval)
Build info: version: '4.0.0-alpha-5', revision: 'b3a0d621cc'
System info: host: 'RAVI-PC', ip: '192.168.1.3', os.name: 'Windows 7', os.arch: 'amd64', os.version: '6.1', java.version: '1.8.0_91'
Driver info: org.openqa.selenium.chrome.ChromeDriver
Capabilities {acceptInsecureCerts: false, browserName: chrome, browserVersion: 83.0.4103.97, chrome: {chromedriverVersion: 83.0.4103.39 (ccbf011cb2d2b..., userDataDir: C:\Users\RAVI\AppData\Local...}, goog:chromeOptions: {debuggerAddress: localhost:52475}, javascriptEnabled: true, networkConnectionEnabled: false, pageLoadStrategy: normal, platform: WINDOWS, platformName: WINDOWS, proxy: Proxy(), setWindowRect: true, strictFileInteractability: false, timeouts: {implicit: 0, pageLoad: 300000, script: 30000}, unhandledPromptBehavior: dismiss and notify, webauthn:virtualAuthenticators: true}
Session ID: aafac9810236be4f80baf6c71ef7eb15
at org.openqa.selenium.support.ui.WebDriverWait.timeoutException(WebDriverWait.java:138)
at org.openqa.selenium.support.ui.FluentWait.lambda$checkConditionInLoop$2(FluentWait.java:255)
at java.util.concurrent.CompletableFuture$AsyncSupply.run(Unknown Source)
at java.lang.Thread.run(Unknown Source)
]]>
            </full-stacktrace>
          </exception> <!-- org.openqa.selenium.TimeoutException -->
          <reporter-output>
          </reporter-output>
        </test-method> <!-- verifyLoginPageTitleTest -->
        <test-method status="PASS" signature="verifyForgotpaswdLink()[pri:2, instance:com.qa.orangehrm.tests.LoginPageTest@1fd386c3]" name="verifyForgotpaswdLink" duration-ms="3016" started-at="2020-06-12T18:37:47Z" finished-at="2020-06-12T18:37:50Z">
          <reporter-output>
          </reporter-output>
        </test-method> <!-- verifyForgotpaswdLink -->
        <test-method status="FAIL" signature="verifyLoginButton()[pri:3, instance:com.qa.orangehrm.tests.LoginPageTest@1fd386c3]" name="verifyLoginButton" duration-ms="20139" started-at="2020-06-12T18:37:50Z" finished-at="2020-06-12T18:38:10Z">
          <exception class="java.lang.AssertionError">
            <message>
              <![CDATA[expected [true] but found [false]]]>
            </message>
            <full-stacktrace>
              <![CDATA[java.lang.AssertionError: expected [true] but found [false]
at org.testng.Assert.fail(Assert.java:96)
at org.testng.Assert.failNotEquals(Assert.java:776)
at org.testng.Assert.assertTrue(Assert.java:44)
at org.testng.Assert.assertTrue(Assert.java:54)
at com.qa.orangehrm.tests.LoginPageTest.verifyLoginButton(LoginPageTest.java:77)
at sun.reflect.NativeMethodAccessorImpl.invoke0(Native Method)
at sun.reflect.NativeMethodAccessorImpl.invoke(Unknown Source)
at sun.reflect.DelegatingMethodAccessorImpl.invoke(Unknown Source)
at java.lang.reflect.Method.invoke(Unknown Source)
at org.testng.internal.MethodInvocationHelper.invokeMethod(MethodInvocationHelper.java:124)
at org.testng.internal.Invoker.invokeMethod(Invoker.java:583)
at org.testng.internal.Invoker.invokeTestMethod(Invoker.java:719)
at org.testng.internal.Invoker.invokeTestMethods(Invoker.java:989)
at org.testng.internal.TestMethodWorker.invokeTestMethods(TestMethodWorker.java:125)
at org.testng.internal.TestMethodWorker.run(TestMethodWorker.java:109)
at org.testng.TestRunner.privateRun(TestRunner.java:648)
at org.testng.TestRunner.run(TestRunner.java:505)
at org.testng.SuiteRunner.runTest(SuiteRunner.java:455)
at org.testng.SuiteRunner.access$000(SuiteRunner.java:40)
at org.testng.SuiteRunner$SuiteWorker.run(SuiteRunner.java:489)
at org.testng.internal.thread.ThreadUtil$1.call(ThreadUtil.java:52)
at java.util.concurrent.FutureTask.run(Unknown Source)
at java.util.concurrent.ThreadPoolExecutor.runWorker(Unknown Source)
at java.util.concurrent.ThreadPoolExecutor$Worker.run(Unknown Source)
at java.lang.Thread.run(Unknown Source)
]]>
            </full-stacktrace>
          </exception> <!-- java.lang.AssertionError -->
          <reporter-output>
          </reporter-output>
        </test-method> <!-- verifyLoginButton -->
        <test-method status="PASS" signature="verifySocialIcons()[pri:4, instance:com.qa.orangehrm.tests.LoginPageTest@1fd386c3]" name="verifySocialIcons" duration-ms="807" started-at="2020-06-12T18:38:11Z" finished-at="2020-06-12T18:38:12Z">
          <reporter-output>
          </reporter-output>
        </test-method> <!-- verifySocialIcons -->
        <test-method status="PASS" signature="loginTest()[pri:5, instance:com.qa.orangehrm.tests.LoginPageTest@1fd386c3]" name="loginTest" duration-ms="9918" started-at="2020-06-12T18:38:12Z" finished-at="2020-06-12T18:38:22Z">
          <reporter-output>
          </reporter-output>
        </test-method> <!-- loginTest -->
        <test-method status="PASS" signature="tearDown()[pri:0, instance:com.qa.orangehrm.tests.LoginPageTest@1fd386c3]" name="tearDown" is-config="true" duration-ms="1092" started-at="2020-06-12T18:39:20Z" finished-at="2020-06-12T18:39:21Z">
          <reporter-output>
          </reporter-output>
        </test-method> <!-- tearDown -->
      </class> <!-- com.qa.orangehrm.tests.LoginPageTest -->
    </test> <!-- Orange HRM Functional Regression Test - chrome -->
  </suite> <!-- Orange HRM Regression Suite -->
</testng-results>
